2015-Feb-13 13:16:09 Наличие необходимых модулей php (check_php_modules): Ok
Все необходимые модули установлены
2015-Feb-13 13:16:09 Обязательные параметры PHP (check_php_settings): Ok
Настройки правильные
2015-Feb-13 13:16:09 Модули веб-сервера (check_security): Ok
Конфликтов не выявлено
2015-Feb-13 13:16:09 Значения переменных сервера (check_server_vars): Ok
Корректные
2015-Feb-13 13:16:09 Сохранение сессии (check_session): Ok
50% done
2015-Feb-13 13:16:09 Сохранение сессии (check_session): Ok
Успешно
2015-Feb-13 13:16:10 Параметры настройки UTF (mbstring и константа BX_UTF) (check_mbstring): Ok
Правильные. Сайт работает в UTF кодировке
2015-Feb-13 13:16:10 Работа с сокетами (check_socket): Ok
Connection to ehk.agrweb.ru:80	Success

Успешно
2015-Feb-13 13:16:10 Лишний вывод в файлах конфигурации (check_dbconn): Ok
Connection to ehk.agrweb.ru:80	Success

Успешно
2015-Feb-13 13:16:10 Выполнение агентов на cron (check_bx_crontab): Warning
Замечание. Агенты выполняются на хитах, рекомендуется перевести выполнение агентов на cron
2015-Feb-13 13:16:10 Сохранение сессии без UserAgent (check_session_ua): Ok
50% done
Connection to ehk.agrweb.ru:80	Success

2015-Feb-13 13:16:10 Сохранение сессии без UserAgent (check_session_ua): Ok
Connection to ehk.agrweb.ru:80	Success

Успешно
2015-Feb-13 13:16:10 Настройки сайтов (check_sites): Ok
Правильные
2015-Feb-13 13:16:11 Служебные скрипты в корне сайта (check_install_scripts): Ok
Отсутствуют
2015-Feb-13 13:16:11 Передача объектов по ссылке (check_clone): Ok
Успешно
2015-Feb-13 13:16:11 Размер стека и pcre.recursion_limit (check_pcre_recursion): Warning
Connection to ehk.agrweb.ru:80	Success

Замечание. Возможны проблемы в работе с длинными строками из-за системных ограничений
2015-Feb-13 13:16:11 Вызов method_exists на строке (check_method_exists): Ok
Connection to ehk.agrweb.ru:80	Success

Успешно
2015-Feb-13 13:16:11 Загрузка файла (check_upload): Ok
Connection to ehk.agrweb.ru:80	Success

Успешно
2015-Feb-13 13:16:11 Загрузка файла больше 4Мб (check_upload_big): Ok
Connection to ehk.agrweb.ru:80	Success

Успешно
2015-Feb-13 13:16:11 Загрузка файла через php://input (check_upload_raw): Ok
Connection to ehk.agrweb.ru:80	Success

Успешно
2015-Feb-13 13:16:11 Передача POST запроса с большим числом параметров (check_post): Ok
Connection to ehk.agrweb.ru:80	Success

Успешно
2015-Feb-13 13:16:11 Отправка почты (check_mail): Ok
Успешно
2015-Feb-13 13:16:12 Отправка почтового сообщения больше 64Кб (check_mail_big): Ok
Успешно
2015-Feb-13 13:16:12 Проверка на наличие неотправленных сообщений (check_mail_b_event): Ok
Успешно
2015-Feb-13 13:16:12 Внутреннее перенаправление (функция LocalRedirect) (check_localredirect): Ok
50% done
Connection to ehk.agrweb.ru:80	Success

2015-Feb-13 13:16:12 Внутреннее перенаправление (функция LocalRedirect) (check_localredirect): Ok
Connection to ehk.agrweb.ru:80	Success

Успешно
2015-Feb-13 13:16:12 Фактическое ограничение памяти (check_memory_limit): Ok
20% done
Connection to ehk.agrweb.ru:80	Success

2015-Feb-13 13:16:12 Фактическое ограничение памяти (check_memory_limit): Ok
40% done
Connection to ehk.agrweb.ru:80	Success

2015-Feb-13 13:16:12 Фактическое ограничение памяти (check_memory_limit): Ok
60% done
Connection to ehk.agrweb.ru:80	Success

2015-Feb-13 13:16:12 Фактическое ограничение памяти (check_memory_limit): Ok
80% done
Connection to ehk.agrweb.ru:80	Success
== Request ==
GET /bitrix/admin/site_checker.php?test_type=memory_test&unique_id=70a732f20d644b5d8df3a40ab5db8d0f&max=127 HTTP/1.1
Host: ehk.agrweb.ru

== Response ==
HTTP/1.1 200 OK
Server: nginx/1.6.2
Date: Fri, 13 Feb 2015 10:16:12 GMT
Content-Type: text/html; charset=utf-8
Content-Length: 232
Connection: keep-alive
X-Powered-By: PHP/5.3.29
== Body ==
<br />
<b>Fatal error</b>:  Allowed memory size of 134217728 bytes exhausted (tried to allocate 1048577 bytes) in <b>/home/a/agrgroup/ehk.agrweb.ru/public_html/bitrix/modules/main/admin/site_checker.php</b> on line <b>131</b><br />
==========

2015-Feb-13 13:16:13 Фактическое ограничение памяти (check_memory_limit): Ok
Connection to ehk.agrweb.ru:80	Success

Не менее 96 М
2015-Feb-13 13:16:13 Работа с файлами кеша (check_cache): Ok
Успешно
2015-Feb-13 13:16:13 Доступ к серверу обновлений (check_update): Ok
Успешно
2015-Feb-13 13:16:13 HTTP авторизация (check_http_auth): Ok
Connection to ehk.agrweb.ru:80	Success

Успешно
2015-Feb-13 13:16:14 Создание и запуск файла (check_exec): Ok
Connection to ehk.agrweb.ru:80	Success

Успешно
2015-Feb-13 13:16:14 Функция getimagesize для swf (check_getimagesize): Ok
Успешно
2015-Feb-13 13:16:14 Версия MySQL сервера (check_mysql_bug_version): Ok
Успешно
2015-Feb-13 13:16:15 Время на БД и веб сервере (check_mysql_time): Ok
Успешно
2015-Feb-13 13:16:15 Режим работы MySQL (check_mysql_mode): Ok
Успешно
2015-Feb-13 13:16:15 Кодировка соединения (check_mysql_connection_charset): Ok
character_set_connection=utf8, collation_connection=utf8_unicode_ci, character_set_results=utf8
Успешно
2015-Feb-13 13:16:15 Кодировка базы данных (check_mysql_db_charset): Ok
CHARSET=utf8, COLLATION=utf8_unicode_ci
Успешно
2015-Feb-13 13:16:15 Кодировки таблиц в БД (check_mysql_table_charset): Ok
Успешно
2015-Feb-13 13:16:15 Структура базы данных (check_mysql_table_structure): Ok
0% done
2015-Feb-13 13:16:16 Структура базы данных (check_mysql_table_structure): Ok
3% done
2015-Feb-13 13:16:16 Структура базы данных (check_mysql_table_structure): Ok
7% done
2015-Feb-13 13:16:16 Структура базы данных (check_mysql_table_structure): Ok
11% done
2015-Feb-13 13:16:16 Структура базы данных (check_mysql_table_structure): Ok
15% done
2015-Feb-13 13:16:16 Структура базы данных (check_mysql_table_structure): Ok
19% done
2015-Feb-13 13:16:16 Структура базы данных (check_mysql_table_structure): Ok
23% done
2015-Feb-13 13:16:16 Структура базы данных (check_mysql_table_structure): Ok
26% done
2015-Feb-13 13:16:17 Структура базы данных (check_mysql_table_structure): Ok
30% done
2015-Feb-13 13:16:17 Структура базы данных (check_mysql_table_structure): Ok
34% done
2015-Feb-13 13:16:18 Структура базы данных (check_mysql_table_structure): Ok
38% done
2015-Feb-13 13:16:19 Структура базы данных (check_mysql_table_structure): Ok
42% done
2015-Feb-13 13:16:19 Структура базы данных (check_mysql_table_structure): Ok
46% done
2015-Feb-13 13:16:20 Структура базы данных (check_mysql_table_structure): Ok
50% done
2015-Feb-13 13:16:20 Структура базы данных (check_mysql_table_structure): Ok
53% done
2015-Feb-13 13:16:20 Структура базы данных (check_mysql_table_structure): Ok
57% done
2015-Feb-13 13:16:20 Структура базы данных (check_mysql_table_structure): Ok
61% done
2015-Feb-13 13:16:21 Структура базы данных (check_mysql_table_structure): Ok
65% done
2015-Feb-13 13:16:21 Структура базы данных (check_mysql_table_structure): Ok
69% done
2015-Feb-13 13:16:22 Структура базы данных (check_mysql_table_structure): Ok
73% done
2015-Feb-13 13:16:23 Структура базы данных (check_mysql_table_structure): Ok
76% done
2015-Feb-13 13:16:23 Структура базы данных (check_mysql_table_structure): Ok
80% done
2015-Feb-13 13:16:23 Структура базы данных (check_mysql_table_structure): Ok
84% done
2015-Feb-13 13:16:23 Структура базы данных (check_mysql_table_structure): Ok
88% done
2015-Feb-13 13:16:24 Структура базы данных (check_mysql_table_structure): Ok
92% done
2015-Feb-13 13:16:24 Структура базы данных (check_mysql_table_structure): Ok
96% done
2015-Feb-13 13:16:24 Структура базы данных (check_mysql_table_structure): Ok
Успешно
